<?xml version="1.0" encoding="utf-8"?><testsuites name="pytest tests"><testsuite name="pytest" errors="0" failures="0" skipped="1" tests="1" time="10.998" timestamp="2026-04-17T15:21:54.121587+01:00" hostname="Mac.fritz.box"><testcase classname="" name="tests.ops.service.privacy_request.test_bigquery_enterprise_privacy_request" time="0.000"><skipped message="collection skipped">('/Users/rayharnett/code/fides/tests/ops/service/privacy_request/test_bigquery_enterprise_privacy_request.py', 17, 'Skipped: Skipping entire test file as BQ project has been disabled for now due to costs. Follow-up with enabling these tests on only merges to main.')</skipped></testcase></testsuite></testsuites>