<?xml version="1.0" encoding="utf-8"?><testsuites name="pytest tests"><testsuite name="pytest" errors="0" failures="0" skipped="1" tests="1" time="6.700" timestamp="2026-02-22T13:44:42.239546-08:00" hostname="Adrians-MacBook-Pro.local"><testcase classname="" name="tests.ops.service.privacy_request.test_bigquery_enterprise_privacy_request" time="0.000"><skipped message="collection skipped">('/Users/adriangalvan/Documents/Github/fides/tests/ops/service/privacy_request/test_bigquery_enterprise_privacy_request.py', 17, 'Skipped: Skipping entire test file as BQ project has been disabled for now due to costs. Follow-up with enabling these tests on only merges to main.')</skipped></testcase></testsuite></testsuites>